#! /c/Source/iverilog-install/bin/vvp
:ivl_version "12.0 (devel)" "(s20150603-1539-g2693dd32b)";
:ivl_delay_selection "TYPICAL";
:vpi_time_precision + 0;
:vpi_module "C:\iverilog\lib\ivl\system.vpi";
:vpi_module "C:\iverilog\lib\ivl\vhdl_sys.vpi";
:vpi_module "C:\iverilog\lib\ivl\vhdl_textio.vpi";
:vpi_module "C:\iverilog\lib\ivl\v2005_math.vpi";
:vpi_module "C:\iverilog\lib\ivl\va_math.vpi";
S_00000186533693b0 .scope module, "Seq_Moore_TB" "Seq_Moore_TB" 2 59;
 .timescale 0 0;
v0000018653363da0_0 .var "clk", 0 0;
v0000018653363e40_0 .net "count", 0 0, v00000186533326d0_0;  1 drivers
v0000018653363ee0_0 .var/i "i", 31 0;
v0000018653363f80_0 .var "rst", 0 0;
v0000018653364020_0 .var "x", 0 0;
E_000001865331b8a0 .event negedge, v0000018653332630_0;
S_0000018653369540 .scope module, "DUT" "Seq_Moore" 2 63, 2 1 0, S_00000186533693b0;
 .timescale 0 0;
    .port_info 0 /INPUT 1 "x";
    .port_info 1 /INPUT 1 "rst";
    .port_info 2 /INPUT 1 "clk";
    .port_info 3 /OUTPUT 1 "count";
P_0000018653332510 .param/l "A" 0 2 5, C4<000>;
P_0000018653332548 .param/l "B" 0 2 6, C4<001>;
P_0000018653332580 .param/l "C" 0 2 7, C4<010>;
P_00000186533325b8 .param/l "D" 0 2 8, C4<011>;
P_00000186533325f0 .param/l "E" 0 2 9, C4<100>;
v0000018653332630_0 .net "clk", 0 0, v0000018653363da0_0;  1 drivers
v00000186533326d0_0 .var "count", 0 0;
v0000018653332770_0 .var "cs", 0 0;
v0000018653332810_0 .var "ns", 0 0;
v00000186533328b0_0 .net "rst", 0 0, v0000018653363f80_0;  1 drivers
v0000018653363d00_0 .net "x", 0 0, v0000018653364020_0;  1 drivers
E_000001865331b0e0 .event anyedge, v0000018653332770_0, v0000018653363d00_0;
E_000001865331b8e0/0 .event negedge, v00000186533328b0_0;
E_000001865331b8e0/1 .event posedge, v0000018653332630_0;
E_000001865331b8e0 .event/or E_000001865331b8e0/0, E_000001865331b8e0/1;
    .scope S_0000018653369540;
T_0 ;
    %wait E_000001865331b8e0;
    %load/vec4 v00000186533328b0_0;
    %inv;
    %flag_set/vec4 8;
    %jmp/0xz  T_0.0, 8;
    %pushi/vec4 0, 0, 1;
    %assign/vec4 v0000018653332810_0, 0;
    %jmp T_0.1;
T_0.0 ;
    %load/vec4 v0000018653332770_0;
    %assign/vec4 v0000018653332810_0, 0;
T_0.1 ;
    %jmp T_0;
    .thread T_0;
    .scope S_0000018653369540;
T_1 ;
    %wait E_000001865331b0e0;
    %load/vec4 v0000018653332770_0;
    %pad/u 3;
    %dup/vec4;
    %pushi/vec4 0, 0, 3;
    %cmp/u;
    %jmp/1 T_1.0, 6;
    %dup/vec4;
    %pushi/vec4 1, 0, 3;
    %cmp/u;
    %jmp/1 T_1.1, 6;
    %dup/vec4;
    %pushi/vec4 2, 0, 3;
    %cmp/u;
    %jmp/1 T_1.2, 6;
    %dup/vec4;
    %pushi/vec4 3, 0, 3;
    %cmp/u;
    %jmp/1 T_1.3, 6;
    %dup/vec4;
    %pushi/vec4 4, 0, 3;
    %cmp/u;
    %jmp/1 T_1.4, 6;
    %jmp T_1.5;
T_1.0 ;
    %load/vec4 v0000018653363d00_0;
    %pad/u 32;
    %cmpi/e 0, 0, 32;
    %jmp/0xz  T_1.6, 4;
    %load/vec4 v0000018653332770_0;
    %store/vec4 v0000018653332810_0, 0, 1;
    %jmp T_1.7;
T_1.6 ;
    %pushi/vec4 1, 0, 1;
    %store/vec4 v0000018653332810_0, 0, 1;
T_1.7 ;
    %pushi/vec4 0, 0, 1;
    %store/vec4 v00000186533326d0_0, 0, 1;
    %jmp T_1.5;
T_1.1 ;
    %load/vec4 v0000018653363d00_0;
    %pad/u 32;
    %cmpi/e 0, 0, 32;
    %jmp/0xz  T_1.8, 4;
    %pushi/vec4 0, 0, 1;
    %store/vec4 v0000018653332810_0, 0, 1;
    %jmp T_1.9;
T_1.8 ;
    %pushi/vec4 0, 0, 1;
    %store/vec4 v0000018653332810_0, 0, 1;
T_1.9 ;
    %pushi/vec4 0, 0, 1;
    %store/vec4 v00000186533326d0_0, 0, 1;
    %jmp T_1.5;
T_1.2 ;
    %load/vec4 v0000018653363d00_0;
    %pad/u 32;
    %cmpi/e 0, 0, 32;
    %jmp/0xz  T_1.10, 4;
    %pushi/vec4 1, 0, 1;
    %store/vec4 v0000018653332810_0, 0, 1;
    %jmp T_1.11;
T_1.10 ;
    %pushi/vec4 1, 0, 1;
    %store/vec4 v0000018653332810_0, 0, 1;
T_1.11 ;
    %pushi/vec4 0, 0, 1;
    %store/vec4 v00000186533326d0_0, 0, 1;
    %jmp T_1.5;
T_1.3 ;
    %load/vec4 v0000018653363d00_0;
    %pad/u 32;
    %cmpi/e 0, 0, 32;
    %jmp/0xz  T_1.12, 4;
    %pushi/vec4 0, 0, 1;
    %store/vec4 v0000018653332810_0, 0, 1;
    %jmp T_1.13;
T_1.12 ;
    %pushi/vec4 0, 0, 1;
    %store/vec4 v0000018653332810_0, 0, 1;
T_1.13 ;
    %pushi/vec4 0, 0, 1;
    %store/vec4 v00000186533326d0_0, 0, 1;
    %jmp T_1.5;
T_1.4 ;
    %load/vec4 v0000018653363d00_0;
    %pad/u 32;
    %cmpi/e 0, 0, 32;
    %jmp/0xz  T_1.14, 4;
    %pushi/vec4 0, 0, 1;
    %store/vec4 v0000018653332810_0, 0, 1;
    %jmp T_1.15;
T_1.14 ;
    %pushi/vec4 1, 0, 1;
    %store/vec4 v0000018653332810_0, 0, 1;
T_1.15 ;
    %pushi/vec4 1, 0, 1;
    %store/vec4 v00000186533326d0_0, 0, 1;
    %jmp T_1.5;
T_1.5 ;
    %pop/vec4 1;
    %jmp T_1;
    .thread T_1, $push;
    .scope S_00000186533693b0;
T_2 ;
    %delay 10, 0;
    %load/vec4 v0000018653363da0_0;
    %inv;
    %store/vec4 v0000018653363da0_0, 0, 1;
    %jmp T_2;
    .thread T_2;
    .scope S_00000186533693b0;
T_3 ;
    %pushi/vec4 0, 0, 1;
    %store/vec4 v0000018653363da0_0, 0, 1;
    %pushi/vec4 0, 0, 1;
    %store/vec4 v0000018653363f80_0, 0, 1;
    %pushi/vec4 0, 0, 1;
    %store/vec4 v0000018653364020_0, 0, 1;
    %delay 10, 0;
    %pushi/vec4 1, 0, 1;
    %store/vec4 v0000018653363f80_0, 0, 1;
    %pushi/vec4 0, 0, 32;
    %store/vec4 v0000018653363ee0_0, 0, 32;
T_3.0 ;
    %load/vec4 v0000018653363ee0_0;
    %cmpi/s 10, 0, 32;
    %jmp/0xz T_3.1, 5;
    %wait E_000001865331b8a0;
    %vpi_func 2 70 "$random" 32 {0 0 0};
    %pad/s 1;
    %store/vec4 v0000018653364020_0, 0, 1;
    %load/vec4 v0000018653363ee0_0;
    %addi 1, 0, 32;
    %store/vec4 v0000018653363ee0_0, 0, 32;
    %jmp T_3.0;
T_3.1 ;
    %end;
    .thread T_3;
# The file index is used to find the file name in the following table.
:file_names 3;
    "N/A";
    "<interactive>";
    "Seq_Moore.v";
